[[1;34mINFO[m] Scanning for projects...
[[1;34mINFO[m] 
[[1;34mINFO[m] [1m-------------------------< [0;36mreports:verdu_erp[0;1m >--------------------------[m
[[1;34mINFO[m] [1mBuilding verdu_erp 0.0.1-SNAPSHOT[m
[[1;34mINFO[m]   from pom.xml
[[1;34mINFO[m] [1m--------------------------------[ jar ]---------------------------------[m
[[1;34mINFO[m] 
[[1;34mINFO[m] [1m>>> [0;32mspring-boot:3.5.6:run[m [1m(default-cli)[0;1m > [0;1mtest-compile[m @ [36mverdu_erp[0;1m >>>[m
[[1;34mINFO[m] 
[[1;34mINFO[m] [1m--- [0;32mresources:3.3.1:resources[m [1m(default-resources)[m @ [36mverdu_erp[0;1m ---[m
[[1;34mINFO[m] Copying 1 resource from src/main/resources to target/classes
[[1;34mINFO[m] Copying 0 resource from src/main/resources to target/classes
[[1;34mINFO[m] 
[[1;34mINFO[m] [1m--- [0;32mcompiler:3.14.0:compile[m [1m(default-compile)[m @ [36mverdu_erp[0;1m ---[m
[[1;34mINFO[m] Nothing to compile - all classes are up to date.
[[1;34mINFO[m] 
[[1;34mINFO[m] [1m--- [0;32mresources:3.3.1:testResources[m [1m(default-testResources)[m @ [36mverdu_erp[0;1m ---[m
[[1;34mINFO[m] skip non existing resourceDirectory /home/ti/erp_verdu_base_teste/verdu_erp-reports-jaspersoft/src/test/resources
[[1;34mINFO[m] 
[[1;34mINFO[m] [1m--- [0;32mcompiler:3.14.0:testCompile[m [1m(default-testCompile)[m @ [36mverdu_erp[0;1m ---[m
[[1;34mINFO[m] Recompiling the module because of [1mchanged source code[m.
[[1;34mINFO[m] Compiling 1 source file with javac [debug parameters release 21] to target/test-classes
[[1;34mINFO[m] 
[[1;34mINFO[m] [1m<<< [0;32mspring-boot:3.5.6:run[m [1m(default-cli)[0;1m < [0;1mtest-compile[m @ [36mverdu_erp[0;1m <<<[m
[[1;34mINFO[m] 
[[1;34mINFO[m] 
[[1;34mINFO[m] [1m--- [0;32mspring-boot:3.5.6:run[m [1m(default-cli)[m @ [36mverdu_erp[0;1m ---[m
[[1;34mINFO[m] Attaching agents: []

  .   ____          _            __ _ _
 /\\ / ___'_ __ _ _(_)_ __  __ _ \ \ \ \
( ( )\___ | '_ | '_| | '_ \/ _` | \ \ \ \
 \\/  ___)| |_)| | | | | || (_| |  ) ) ) )
  '  |____| .__|_| |_|_| |_\__, | / / / /
 =========|_|==============|___/=/_/_/_/

 :: Spring Boot ::                (v3.5.6)

2025-10-28T16:00:30.022Z  INFO 2480894 --- [verdu_erp] [  restartedMain] reports.verdu_erp.VerduErpApplication    : Starting VerduErpApplication using Java 21.0.8 with PID 2480894 (/home/ti/erp_verdu_base_teste/verdu_erp-reports-jaspersoft/target/classes started by ti in /home/ti/erp_verdu_base_teste/verdu_erp-reports-jaspersoft)
2025-10-28T16:00:30.027Z  INFO 2480894 --- [verdu_erp] [  restartedMain] reports.verdu_erp.VerduErpApplication    : No active profile set, falling back to 1 default profile: "default"
2025-10-28T16:00:30.097Z  INFO 2480894 --- [verdu_erp] [  restartedMain] .e.DevToolsPropertyDefaultsPostProcessor : Devtools property defaults active! Set 'spring.devtools.add-properties' to 'false' to disable
2025-10-28T16:00:30.097Z  INFO 2480894 --- [verdu_erp] [  restartedMain] .e.DevToolsPropertyDefaultsPostProcessor : For additional web related logging consider setting the 'logging.level.web' property to 'DEBUG'
2025-10-28T16:00:31.280Z  INFO 2480894 --- [verdu_erp] [  restartedMain] .s.d.r.c.RepositoryConfigurationDelegate : Bootstrapping Spring Data JPA repositories in DEFAULT mode.
2025-10-28T16:00:31.377Z  INFO 2480894 --- [verdu_erp] [  restartedMain] .s.d.r.c.RepositoryConfigurationDelegate : Finished Spring Data repository scanning in 81 ms. Found 2 JPA repository interfaces.
2025-10-28T16:00:32.395Z  INFO 2480894 --- [verdu_erp] [  restartedMain] o.s.b.w.embedded.tomcat.TomcatWebServer  : Tomcat initialized with port 8081 (http)
2025-10-28T16:00:32.416Z  INFO 2480894 --- [verdu_erp] [  restartedMain] o.apache.catalina.core.StandardService   : Starting service [Tomcat]
2025-10-28T16:00:32.416Z  INFO 2480894 --- [verdu_erp] [  restartedMain] o.apache.catalina.core.StandardEngine    : Starting Servlet engine: [Apache Tomcat/10.1.46]
2025-10-28T16:00:32.485Z  INFO 2480894 --- [verdu_erp] [  restartedMain] o.a.c.c.C.[Tomcat].[localhost].[/]       : Initializing Spring embedded WebApplicationContext
2025-10-28T16:00:32.487Z  INFO 2480894 --- [verdu_erp] [  restartedMain] w.s.c.ServletWebServerApplicationContext : Root WebApplicationContext: initialization completed in 2387 ms
2025-10-28T16:00:32.712Z  INFO 2480894 --- [verdu_erp] [  restartedMain] o.hibernate.jpa.internal.util.LogHelper  : HHH000204: Processing PersistenceUnitInfo [name: default]
2025-10-28T16:00:32.795Z  INFO 2480894 --- [verdu_erp] [  restartedMain] org.hibernate.Version                    : HHH000412: Hibernate ORM core version 6.6.29.Final
2025-10-28T16:00:32.840Z  INFO 2480894 --- [verdu_erp] [  restartedMain] o.h.c.internal.RegionFactoryInitiator    : HHH000026: Second-level cache disabled
2025-10-28T16:00:33.228Z  INFO 2480894 --- [verdu_erp] [  restartedMain] o.s.o.j.p.SpringPersistenceUnitInfo      : No LoadTimeWeaver setup: ignoring JPA class transformer
2025-10-28T16:00:33.270Z  INFO 2480894 --- [verdu_erp] [  restartedMain] com.zaxxer.hikari.HikariDataSource       : HikariPool-1 - Starting...
2025-10-28T16:00:33.705Z  INFO 2480894 --- [verdu_erp] [  restartedMain] com.zaxxer.hikari.pool.HikariPool        : HikariPool-1 - Added connection org.postgresql.jdbc.PgConnection@7d58daaa
2025-10-28T16:00:33.707Z  INFO 2480894 --- [verdu_erp] [  restartedMain] com.zaxxer.hikari.HikariDataSource       : HikariPool-1 - Start completed.
2025-10-28T16:00:33.750Z  WARN 2480894 --- [verdu_erp] [  restartedMain] org.hibernate.orm.deprecation            : HHH90000025: PostgreSQLDialect does not need to be specified explicitly using 'hibernate.dialect' (remove the property setting and it will be selected by default)
2025-10-28T16:00:33.782Z  INFO 2480894 --- [verdu_erp] [  restartedMain] org.hibernate.orm.connections.pooling    : HHH10001005: Database info:
	Database JDBC URL [Connecting through datasource 'HikariDataSource (HikariPool-1)']
	Database driver: undefined/unknown
	Database version: 17.5
	Autocommit mode: undefined/unknown
	Isolation level: undefined/unknown
	Minimum pool size: undefined/unknown
	Maximum pool size: undefined/unknown
2025-10-28T16:00:35.108Z  INFO 2480894 --- [verdu_erp] [  restartedMain] o.h.e.t.j.p.i.JtaPlatformInitiator       : HHH000489: No JTA platform available (set 'hibernate.transaction.jta.platform' to enable JTA platform integration)
2025-10-28T16:00:35.367Z  INFO 2480894 --- [verdu_erp] [  restartedMain] j.LocalContainerEntityManagerFactoryBean : Initialized JPA EntityManagerFactory for persistence unit 'default'
2025-10-28T16:00:36.125Z  INFO 2480894 --- [verdu_erp] [  restartedMain] o.s.d.j.r.query.QueryEnhancerFactory     : Hibernate is in classpath; If applicable, HQL parser will be used.
2025-10-28T16:00:37.302Z  WARN 2480894 --- [verdu_erp] [  restartedMain] JpaBaseConfiguration$JpaWebConfiguration : spring.jpa.open-in-view is enabled by default. Therefore, database queries may be performed during view rendering. Explicitly configure spring.jpa.open-in-view to disable this warning
2025-10-28T16:00:37.409Z  INFO 2480894 --- [verdu_erp] [  restartedMain] o.s.v.b.OptionalValidatorFactoryBean     : Failed to set up a Bean Validation provider: jakarta.validation.NoProviderFoundException: Unable to create a Configuration, because no Jakarta Bean Validation provider could be found. Add a provider like Hibernate Validator (RI) to your classpath.
2025-10-28T16:00:37.972Z  INFO 2480894 --- [verdu_erp] [  restartedMain] o.s.b.d.a.OptionalLiveReloadServer       : LiveReload server is running on port 35729
2025-10-28T16:00:38.014Z  INFO 2480894 --- [verdu_erp] [  restartedMain] o.s.b.w.embedded.tomcat.TomcatWebServer  : Tomcat started on port 8081 (http) with context path '/'
2025-10-28T16:00:38.028Z  INFO 2480894 --- [verdu_erp] [  restartedMain] reports.verdu_erp.VerduErpApplication    : Started VerduErpApplication in 8.622 seconds (process running for 9.239)
2025-10-28T16:00:48.652Z  INFO 2480894 --- [verdu_erp] [nio-8081-exec-1] o.a.c.c.C.[Tomcat].[localhost].[/]       : Initializing Spring DispatcherServlet 'dispatcherServlet'
2025-10-28T16:00:48.652Z  INFO 2480894 --- [verdu_erp] [nio-8081-exec-1] o.s.web.servlet.DispatcherServlet        : Initializing Servlet 'dispatcherServlet'
2025-10-28T16:00:48.655Z  INFO 2480894 --- [verdu_erp] [nio-8081-exec-1] o.s.web.servlet.DispatcherServlet        : Completed initialization in 2 ms
2025-10-28T16:00:48.750Z  WARN 2480894 --- [verdu_erp] [nio-8081-exec-1] .m.m.a.ExceptionHandlerExceptionResolver : Resolved [org.springframework.web.servlet.resource.NoResourceFoundException: No static resource reports/list.]
2025-10-28T16:01:03.530Z  WARN 2480894 --- [verdu_erp] [nio-8081-exec-2] .m.m.a.ExceptionHandlerExceptionResolver : Resolved [org.springframework.web.servlet.resource.NoResourceFoundException: No static resource reports/list.]
2025-10-28T16:01:21.116Z  WARN 2480894 --- [verdu_erp] [nio-8081-exec-3] .m.m.a.ExceptionHandlerExceptionResolver : Resolved [org.springframework.web.servlet.resource.NoResourceFoundException: No static resource reports/generate/separacaodecarga.jasper.]
[DEBUG] Iniciando listReportsFromDatabase
[DEBUG] Encontrados 2 relatórios no banco
[DEBUG] Processando relatório: produtos.jasper, ID: 12
[DEBUG] Processando relatório: separacaodecarga.jasper, ID: 18
[DEBUG] Retornando 2 relatórios
[DEBUG] Iniciando geração do relatório: separacaodecarga.jasper
[DEBUG] Parâmetros recebidos: {ROTA_ID=5}
[DEBUG] Relatório compilado/carregado com sucesso
[DEBUG] Definição do relatório encontrada no banco
[DEBUG] Iniciando normalização de parâmetros
[DEBUG] Processando parâmetro: ROTA_ID (Tipo: Long)
[DEBUG] Convertendo parâmetro - Tipo: Long, Valor: 5 (Classe: Integer)
[DEBUG] Conversão bem-sucedida - Resultado: 5 (Classe: Long)
[DEBUG] Parâmetros normalizados: {ROTA_ID=5}
[DEBUG] Iniciando preenchimento do relatório com JasperFillManager
[DEBUG] Parâmetros finais para JasperFillManager: {ROTA_ID=5}
[DEBUG] Relatório preenchido com sucesso
[DEBUG] Iniciando listReportsFromDatabase
[DEBUG] Encontrados 2 relatórios no banco
[DEBUG] Processando relatório: produtos.jasper, ID: 12
[DEBUG] Processando relatório: separacaodecarga.jasper, ID: 18
[DEBUG] Retornando 2 relatórios
[DEBUG] Iniciando geração do relatório: separacaodecarga.jasper
[DEBUG] Parâmetros recebidos: {ROTA_ID=5}
[DEBUG] Relatório compilado/carregado com sucesso
[DEBUG] Definição do relatório encontrada no banco
[DEBUG] Iniciando normalização de parâmetros
[DEBUG] Processando parâmetro: ROTA_ID (Tipo: Long)
[DEBUG] Convertendo parâmetro - Tipo: Long, Valor: 5 (Classe: Integer)
[DEBUG] Conversão bem-sucedida - Resultado: 5 (Classe: Long)
[DEBUG] Parâmetros normalizados: {ROTA_ID=5}
[DEBUG] Iniciando preenchimento do relatório com JasperFillManager
[DEBUG] Parâmetros finais para JasperFillManager: {ROTA_ID=5}
[DEBUG] Relatório preenchido com sucesso
[DEBUG] Iniciando listReportsFromDatabase
[DEBUG] Encontrados 2 relatórios no banco
[DEBUG] Processando relatório: produtos.jasper, ID: 12
[DEBUG] Processando relatório: separacaodecarga.jasper, ID: 18
[DEBUG] Retornando 2 relatórios
[DEBUG] Iniciando listReportsFromDatabase
[DEBUG] Encontrados 2 relatórios no banco
[DEBUG] Processando relatório: produtos.jasper, ID: 12
[DEBUG] Processando relatório: separacaodecarga.jasper, ID: 18
[DEBUG] Retornando 2 relatórios
[DEBUG] Iniciando listReportsFromDatabase
[DEBUG] Encontrados 1 relatórios no banco
[DEBUG] Processando relatório: produtos.jasper, ID: 12
[DEBUG] Retornando 1 relatórios
[DEBUG] Iniciando listReportsFromDatabase
[DEBUG] Encontrados 2 relatórios no banco
[DEBUG] Processando relatório: produtos.jasper, ID: 12
[DEBUG] Processando relatório: separacaodecarga.jrxml, ID: 19
[DEBUG] Retornando 2 relatórios
[DEBUG] Iniciando listReportsFromDatabase
[DEBUG] Encontrados 2 relatórios no banco
[DEBUG] Processando relatório: produtos.jasper, ID: 12
[DEBUG] Processando relatório: separacaodecarga.jrxml, ID: 19
[DEBUG] Retornando 2 relatórios
[DEBUG] Iniciando geração do relatório: separacaodecarga.jrxml
[DEBUG] Parâmetros recebidos: {ROTA_ID=5}
[DEBUG] Relatório compilado/carregado com sucesso
[DEBUG] Definição do relatório encontrada no banco
[DEBUG] Iniciando preenchimento do relatório com JasperFillManager
[DEBUG] Parâmetros finais para JasperFillManager: {ROTA_ID=5}
[DEBUG] Iniciando geração do relatório: separacaodecarga.jrxml
[DEBUG] Parâmetros recebidos: {}
[DEBUG] Relatório compilado/carregado com sucesso
[DEBUG] Definição do relatório encontrada no banco
[DEBUG] Iniciando preenchimento do relatório com JasperFillManager
[DEBUG] Parâmetros finais para JasperFillManager: {}
[DEBUG] Relatório preenchido com sucesso
[DEBUG] Iniciando listReportsFromDatabase
[DEBUG] Encontrados 2 relatórios no banco
[DEBUG] Processando relatório: produtos.jasper, ID: 12
[DEBUG] Processando relatório: separacaodecarga.jrxml, ID: 19
[DEBUG] Retornando 2 relatórios
[DEBUG] Iniciando listReportsFromDatabase
[DEBUG] Encontrados 2 relatórios no banco
[DEBUG] Processando relatório: produtos.jasper, ID: 12
[DEBUG] Processando relatório: separacaodecarga.jrxml, ID: 19
[DEBUG] Retornando 2 relatórios
[DEBUG] Iniciando listReportsFromDatabase
[DEBUG] Encontrados 2 relatórios no banco
[DEBUG] Processando relatório: produtos.jasper, ID: 12
[DEBUG] Processando relatório: separacaodecarga.jrxml, ID: 19
[DEBUG] Retornando 2 relatórios
[DEBUG] Iniciando listReportsFromDatabase
[DEBUG] Encontrados 2 relatórios no banco
[DEBUG] Processando relatório: produtos.jasper, ID: 12
[DEBUG] Processando relatório: separacaodecarga.jrxml, ID: 19
[DEBUG] Retornando 2 relatórios
[DEBUG] Iniciando geração do relatório: separacaodecarga.jrxml
[DEBUG] Parâmetros recebidos: {ROTA_ID=5}
[DEBUG] Relatório compilado/carregado com sucesso
[DEBUG] Definição do relatório encontrada no banco
[DEBUG] Iniciando preenchimento do relatório com JasperFillManager
[DEBUG] Parâmetros finais para JasperFillManager: {ROTA_ID=5}
2025-10-28T16:10:26.699Z  WARN 2480894 --- [verdu_erp] [nio-8081-exec-7] .m.m.a.ExceptionHandlerExceptionResolver : Resolved [org.springframework.web.servlet.resource.NoResourceFoundException: No static resource .]
2025-10-28T16:10:26.715Z  WARN 2480894 --- [verdu_erp] [nio-8081-exec-8] .m.m.a.ExceptionHandlerExceptionResolver : Resolved [org.springframework.web.servlet.resource.NoResourceFoundException: No static resource .]
[DEBUG] Iniciando listReportsFromDatabase
[DEBUG] Encontrados 2 relatórios no banco
[DEBUG] Processando relatório: produtos.jasper, ID: 12
[DEBUG] Processando relatório: separacaodecarga.jrxml, ID: 19
[DEBUG] Retornando 2 relatórios
[DEBUG] Iniciando listReportsFromDatabase
[DEBUG] Encontrados 2 relatórios no banco
[DEBUG] Processando relatório: produtos.jasper, ID: 12
[DEBUG] Processando relatório: separacaodecarga.jrxml, ID: 19
[DEBUG] Retornando 2 relatórios
[DEBUG] Iniciando listReportsFromDatabase
[DEBUG] Encontrados 2 relatórios no banco
[DEBUG] Processando relatório: produtos.jasper, ID: 12
[DEBUG] Processando relatório: separacaodecarga.jrxml, ID: 19
[DEBUG] Retornando 2 relatórios
[DEBUG] Iniciando listReportsFromDatabase
[DEBUG] Encontrados 2 relatórios no banco
[DEBUG] Processando relatório: produtos.jasper, ID: 12
[DEBUG] Processando relatório: separacaodecarga.jrxml, ID: 19
[DEBUG] Retornando 2 relatórios
[DEBUG] Iniciando geração do relatório: separacaodecarga.jasper
[DEBUG] Parâmetros recebidos: {ROTA_ID=5}
[DEBUG] Iniciando listReportsFromDatabase
[DEBUG] Encontrados 2 relatórios no banco
[DEBUG] Processando relatório: produtos.jasper, ID: 12
[DEBUG] Processando relatório: separacaodecarga.jrxml, ID: 19
[DEBUG] Retornando 2 relatórios
[DEBUG] Iniciando geração do relatório: separacaodecarga.jrxml
[DEBUG] Parâmetros recebidos: {ROTA_ID=5}
[DEBUG] Relatório compilado/carregado com sucesso
[DEBUG] Definição do relatório encontrada no banco
[DEBUG] Iniciando preenchimento do relatório com JasperFillManager
[DEBUG] Parâmetros finais para JasperFillManager: {ROTA_ID=5}
[DEBUG] Iniciando geração do relatório: separacaodecarga.jrxml
[DEBUG] Parâmetros recebidos: {ROTA_ID=5}
[DEBUG] Relatório compilado/carregado com sucesso
[DEBUG] Definição do relatório encontrada no banco
[DEBUG] Iniciando preenchimento do relatório com JasperFillManager
[DEBUG] Parâmetros finais para JasperFillManager: {ROTA_ID=5}
[DEBUG] Iniciando geração do relatório: separacaodecarga.jasper
[DEBUG] Parâmetros recebidos: {ROTA_ID=5}
[DEBUG] Iniciando geração do relatório: separacaodecarga.jrxml
[DEBUG] Parâmetros recebidos: {ROTA_ID=5}
[DEBUG] Relatório compilado/carregado com sucesso
[DEBUG] Definição do relatório encontrada no banco
[DEBUG] Iniciando preenchimento do relatório com JasperFillManager
[DEBUG] Parâmetros finais para JasperFillManager: {ROTA_ID=5}
2025-10-28T17:03:56.204Z  WARN 2480894 --- [verdu_erp] [io-8081-exec-10] .m.m.a.ExceptionHandlerExceptionResolver : Resolved [org.springframework.web.servlet.resource.NoResourceFoundException: No static resource api/reports/parameters/separacaodecarga.jrxml.]
2025-10-28T17:04:03.527Z  WARN 2480894 --- [verdu_erp] [nio-8081-exec-1] .m.m.a.ExceptionHandlerExceptionResolver : Resolved [org.springframework.web.servlet.resource.NoResourceFoundException: No static resource api/reports/info/separacaodecarga.jrxml.]
[DEBUG] Iniciando geração do relatório: separacaodecarga.jrxml
[DEBUG] Parâmetros recebidos: {ROTA_ID=5}
[DEBUG] Relatório compilado/carregado com sucesso
[DEBUG] Definição do relatório encontrada no banco
[DEBUG] Iniciando preenchimento do relatório com JasperFillManager
[DEBUG] Parâmetros finais para JasperFillManager: {ROTA_ID=5}
[[1;34mINFO[m] [1m------------------------------------------------------------------------[m
[[1;34mINFO[m] [1;31mBUILD FAILURE[m
[[1;34mINFO[m] [1m------------------------------------------------------------------------[m
[[1;34mINFO[m] Total time:  01:05 h
[[1;34mINFO[m] Finished at: 2025-10-28T17:06:00Z
[[1;34mINFO[m] [1m------------------------------------------------------------------------[m
[[1;31mERROR[m] Failed to execute goal [32morg.springframework.boot:spring-boot-maven-plugin:3.5.6:run[m [1m(default-cli)[m on project [36mverdu_erp[m: [1;31mProcess terminated with exit code: 137[m -> [1m[Help 1][m
[[1;31mERROR[m] 
[[1;31mERROR[m] To see the full stack trace of the errors, re-run Maven with the [1m-e[m switch.
[[1;31mERROR[m] Re-run Maven using the [1m-X[m switch to enable full debug logging.
[[1;31mERROR[m] 
[[1;31mERROR[m] For more information about the errors and possible solutions, please read the following articles:
[[1;31mERROR[m] [1m[Help 1][m http://cwiki.apache.org/confluence/display/MAVEN/MojoExecutionException
